\BOOKMARK [0][-]{chapter.1}{Introduction}{}% 1
\BOOKMARK [1][-]{section.1.1}{Purpose}{chapter.1}% 2
\BOOKMARK [0][-]{chapter.2}{Preliminaries}{}% 3
\BOOKMARK [1][-]{section.2.1}{Local actions}{chapter.2}% 4
\BOOKMARK [1][-]{section.2.2}{Finite balls}{chapter.2}% 5
\BOOKMARK [1][-]{section.2.3}{Addresses and leaves}{chapter.2}% 6
\BOOKMARK [0][-]{chapter.3}{Compatibility}{}% 7
\BOOKMARK [1][-]{section.3.1}{The compatibility condition \(C\)}{chapter.3}% 8
\BOOKMARK [1][-]{section.3.2}{Compatible elements}{chapter.3}% 9
\BOOKMARK [1][-]{section.3.3}{Compatible subgroups}{chapter.3}% 10
\BOOKMARK [0][-]{chapter.4}{Examples}{}% 11
\BOOKMARK [1][-]{section.4.1}{Discrete groups}{chapter.4}% 12
\BOOKMARK [1][-]{section.4.2}{Maximal extensions}{chapter.4}% 13
\BOOKMARK [1][-]{section.4.3}{Normal subgroups and partitions}{chapter.4}% 14
\BOOKMARK [1][-]{section.4.4}{Abelian quotients}{chapter.4}% 15
\BOOKMARK [1][-]{section.4.5}{Semidirect products}{chapter.4}% 16
\BOOKMARK [0][-]{chapter.5}{Discreteness}{}% 17
\BOOKMARK [1][-]{section.5.1}{The discreteness condition \(D\)}{chapter.5}% 18
\BOOKMARK [1][-]{section.5.2}{Discreteness}{chapter.5}% 19
\BOOKMARK [1][-]{section.5.3}{Cocycles}{chapter.5}% 20
\BOOKMARK [0][-]{chapter*.5}{References}{}% 21
\BOOKMARK [0][-]{section*.6}{Index}{}% 22
